<?xml version="1.0" encoding="UTF-8"?>
<!-- Generated by org.testng.reporters.JUnitReportReporter -->
<testsuite hostname="DESKTOP-0UOHLBA" failures="0" tests="2" name="dataProvider_Study.NewTest1" time="26.082" errors="0" timestamp="2024-01-05T17:06:21 IST" skipped="0">
  <testcase classname="dataProvider_Study.NewTest1" name="TC1" time="14.010"/>
  <testcase classname="dataProvider_Study.NewTest1" name="TC1" time="12.072"/>
</testsuite> <!-- dataProvider_Study.NewTest1 -->
