<?xml version="1.0" encoding="UTF-8"?>
<!-- Generated by org.testng.reporters.JUnitReportReporter -->
<testsuite hostname="DESKTOP-0UOHLBA" failures="0" tests="1" name="T.Demo" time="0.011" errors="0" timestamp="2024-01-04T15:01:55 IST" skipped="0">
  <testcase classname="T.Demo" name="TC1" time="0.011"/>
</testsuite> <!-- T.Demo -->
