<?xml version="1.0" encoding="UTF-8"?>
<!-- Generated by org.testng.reporters.JUnitReportReporter -->
<testsuite hostname="DESKTOP-0UOHLBA" failures="0" tests="1" name="practiceProjects.NewTest1" time="0.023" errors="0" timestamp="2024-01-05T17:03:03 IST" skipped="0">
  <testcase classname="practiceProjects.NewTest1" name="f" time="0.023"/>
</testsuite> <!-- practiceProjects.NewTest1 -->
